<?xml version="1.0" encoding="UTF-8"?>
<testng-results skipped="0" failed="0" ignored="0" total="1" passed="1">
  <reporter-output>
  </reporter-output>
  <suite name="maven.helloTest" duration-ms="63" started-at="2018-11-21T08:28:25Z" finished-at="2018-11-21T08:28:25Z">
    <groups>
    </groups>
    <test name="Command line test" duration-ms="63" started-at="2018-11-21T08:28:25Z" finished-at="2018-11-21T08:28:25Z">
      <class name="maven.helloTest">
        <test-method status="PASS" signature="test1()[pri:0, instance:maven.helloTest@68837a77]" name="test1" duration-ms="14" started-at="2018-11-21T08:28:25Z" finished-at="2018-11-21T08:28:25Z">
          <reporter-output>
          </reporter-output>
        </test-method> <!-- test1 -->
      </class> <!-- maven.helloTest -->
    </test> <!-- Command line test -->
  </suite> <!-- maven.helloTest -->
</testng-results>
