<?xml version="1.0" encoding="UTF-8"?>
<testng-results skipped="0" failed="0" ignored="0" total="1" passed="1">
  <reporter-output>
  </reporter-output>
  <suite name="Default suite" duration-ms="120" started-at="2018-11-21T08:28:07Z" finished-at="2018-11-21T08:28:07Z">
    <groups>
    </groups>
    <test name="Default test" duration-ms="120" started-at="2018-11-21T08:28:07Z" finished-at="2018-11-21T08:28:07Z">
      <class name="maven.helloTest">
        <test-method status="PASS" signature="test1()[pri:0, instance:maven.helloTest@343f4d3d]" name="test1" duration-ms="31" started-at="2018-11-21T08:28:07Z" finished-at="2018-11-21T08:28:07Z">
          <reporter-output>
          </reporter-output>
        </test-method> <!-- test1 -->
      </class> <!-- maven.helloTest -->
    </test> <!-- Default test -->
  </suite> <!-- Default suite -->
</testng-results>
